<?xml version="1.0" encoding="UTF-8"?>
<!-- Generated by org.testng.reporters.JUnitReportReporter -->
<testsuite skipped="0" hostname="DESKTOP-U57RU64" name="tests.TestSettings" tests="2" failures="0" timestamp="08 Jun 2021 17:50:58 GMT" time="37.788" errors="0">
  <testcase name="TestChangeLanguage" time="12.909" classname="tests.TestSettings"/>
  <testcase name="TestNotificationCheckbox" time="24.879" classname="tests.TestSettings"/>
</testsuite> <!-- tests.TestSettings -->
