<?xml version="1.0" encoding="UTF-8"?>
<!-- Generated by org.testng.reporters.JUnitReportReporter -->
<testsuite skipped="0" hostname="DESKTOP-U57RU64" name="tests.TestChangeProfile" tests="1" failures="0" timestamp="08 Jun 2021 18:47:34 GMT" time="7.620" errors="0">
  <testcase name="TestChangeProfileSettings" time="7.620" classname="tests.TestChangeProfile"/>
</testsuite> <!-- tests.TestChangeProfile -->
