<?xml version="1.0" encoding="UTF-8"?>
<!-- Generated by org.testng.reporters.JUnitReportReporter -->
<testsuite skipped="0" hostname="DESKTOP-U57RU64" name="tests.TestMenuBar" tests="1" failures="0" timestamp="08 Jun 2021 19:28:36 GMT" time="20.748" errors="0">
  <testcase name="TestMenu" time="20.748" classname="tests.TestMenuBar"/>
</testsuite> <!-- tests.TestMenuBar -->
