<?xml version="1.0" encoding="UTF-8"?>
<!-- Generated by org.testng.reporters.JUnitReportReporter -->
<testsuite skipped="0" hostname="DESKTOP-U57RU64" name="tests.TestStaff" tests="2" failures="0" timestamp="08 Jun 2021 19:30:32 GMT" time="31.935" errors="0">
  <testcase name="TestAddStaff" time="25.769" classname="tests.TestStaff"/>
  <testcase name="TestChangeStaffName" time="6.166" classname="tests.TestStaff"/>
</testsuite> <!-- tests.TestStaff -->
