<?xml version="1.0" encoding="UTF-8"?>
<!-- Generated by org.testng.reporters.JUnitReportReporter -->
<testsuite skipped="0" hostname="DESKTOP-U57RU64" name="tests.RandomTest" tests="2" failures="0" timestamp="08 Jun 2021 15:51:56 GMT" time="36.224" errors="0">
  <testcase name="TestRandom1" time="36.215" classname="tests.RandomTest"/>
  <testcase name="TestRandom2" time="0.009" classname="tests.RandomTest"/>
</testsuite> <!-- tests.RandomTest -->
