<?xml version="1.0" encoding="UTF-8"?>
<!-- Generated by org.testng.reporters.JUnitReportReporter -->
<testsuite skipped="0" hostname="DESKTOP-U57RU64" name="tests.TestAboutUsPage" tests="1" failures="0" timestamp="03 Jun 2021 18:09:27 GMT" time="11.286" errors="0">
  <testcase name="testContactUs" time="11.286" classname="tests.TestAboutUsPage"/>
</testsuite> <!-- tests.TestAboutUsPage -->
