<?xml version="1.0" encoding="UTF-8"?>
<!-- Generated by org.testng.reporters.JUnitReportReporter -->
<testsuite skipped="0" hostname="DESKTOP-U57RU64" name="tests.TestHomePage" tests="2" failures="0" timestamp="08 Jun 2021 18:48:44 GMT" time="33.432" errors="0">
  <testcase name="testAboutUs" time="13.572" classname="tests.TestHomePage"/>
  <testcase name="testLogIn" time="19.860" classname="tests.TestHomePage"/>
</testsuite> <!-- tests.TestHomePage -->
